2020-10-02T10:50:33.412300429+02:00 - starting training: Parameters {
    setup: Setup {
        population: 250,
        dimension: Dimension {
            input: 9,
            output: 4,
        },
    },
    initialization: Initialization {
        output: Tanh,
        activations: [
            Linear,
            Sigmoid,
            Tanh,
            Gaussian,
            Step,
            Sine,
            Cosine,
            Inverse,
            Absolute,
            Relu,
            Squared,
        ],
        connections: 0.5,
        weights: Strategy(
            "Random",
        ),
    },
    reproduction: Reproduction {
        surviving: 0.2,
        stale_after: 15,
    },
    mutation: Mutation {
        weight: 0.8,
        weight_random: 0.01,
        weight_perturbation: 0.05,
        weight_distribution: Uniform,
        gene_node: 0.05,
        gene_connection: 0.1,
        recurrent: 0.1,
        activation_change: 0.05,
    },
    compatability: Compatability {
        target_species: 25,
        threshold: 1.0,
        threshold_delta: 0.1,
        factor_weights: 1.5,
        factor_genes: 2.5,
        factor_activations: 0.5,
    },
    novelty: Novelty {
        nearest_neighbors: 15,
        archive_threshold: 4.0,
    },
}
